\BOOKMARK [1][-]{section.1}{Introduction}{}% 1
\BOOKMARK [2][-]{subsection.1.1}{Project Description and Purpose}{section.1}% 2
\BOOKMARK [2][-]{subsection.1.2}{Project Deliverables}{section.1}% 3
\BOOKMARK [2][-]{subsection.1.3}{Current Work}{section.1}% 4
\BOOKMARK [3][-]{subsubsection.1.3.1}{Social Network Visualisation}{subsection.1.3}% 5
\BOOKMARK [3][-]{subsubsection.1.3.2}{Information Presentation}{subsection.1.3}% 6
\BOOKMARK [3][-]{subsubsection.1.3.3}{Graph Drawing}{subsection.1.3}% 7
\BOOKMARK [3][-]{subsubsection.1.3.4}{Modelling Social Networks}{subsection.1.3}% 8
\BOOKMARK [3][-]{subsubsection.1.3.5}{Categorisation of Interactions}{subsection.1.3}% 9
\BOOKMARK [3][-]{subsubsection.1.3.6}{Evolution of social networks}{subsection.1.3}% 10
\BOOKMARK [3][-]{subsubsection.1.3.7}{Detection of clustering}{subsection.1.3}% 11
\BOOKMARK [1][-]{section.2}{Design}{}% 12
\BOOKMARK [2][-]{subsection.2.1}{Functional Requirements}{section.2}% 13
\BOOKMARK [3][-]{subsubsection.2.1.1}{Requirement 1}{subsection.2.1}% 14
\BOOKMARK [3][-]{subsubsection.2.1.2}{Requirement 2}{subsection.2.1}% 15
\BOOKMARK [3][-]{subsubsection.2.1.3}{Requirement 3}{subsection.2.1}% 16
\BOOKMARK [3][-]{subsubsection.2.1.4}{Requirement 4}{subsection.2.1}% 17
\BOOKMARK [3][-]{subsubsection.2.1.5}{Requirement 5}{subsection.2.1}% 18
\BOOKMARK [3][-]{subsubsection.2.1.6}{Requirement 6}{subsection.2.1}% 19
\BOOKMARK [3][-]{subsubsection.2.1.7}{Requirement 7}{subsection.2.1}% 20
\BOOKMARK [2][-]{subsection.2.2}{Architecture}{section.2}% 21
\BOOKMARK [3][-]{subsubsection.2.2.1}{Main}{subsection.2.2}% 22
\BOOKMARK [3][-]{subsubsection.2.2.2}{MenuScreen}{subsection.2.2}% 23
\BOOKMARK [3][-]{subsubsection.2.2.3}{Graph}{subsection.2.2}% 24
\BOOKMARK [3][-]{subsubsection.2.2.4}{Person}{subsection.2.2}% 25
\BOOKMARK [3][-]{subsubsection.2.2.5}{Relationship}{subsection.2.2}% 26
\BOOKMARK [3][-]{subsubsection.2.2.6}{Status}{subsection.2.2}% 27
\BOOKMARK [3][-]{subsubsection.2.2.7}{Photo}{subsection.2.2}% 28
\BOOKMARK [3][-]{subsubsection.2.2.8}{Drawing}{subsection.2.2}% 29
\BOOKMARK [3][-]{subsubsection.2.2.9}{GraphDrawerer}{subsection.2.2}% 30
\BOOKMARK [3][-]{subsubsection.2.2.10}{Lens}{subsection.2.2}% 31
\BOOKMARK [3][-]{subsubsection.2.2.11}{Environment}{subsection.2.2}% 32
\BOOKMARK [2][-]{subsection.2.3}{Tools Used}{section.2}% 33
\BOOKMARK [1][-]{section.3}{Evaluation}{}% 34
\BOOKMARK [1][-]{section.4}{References}{}% 35
