\BOOKMARK [1][-]{section.1}{Introduction}{}% 1
\BOOKMARK [2][-]{subsection.1.1}{Project Description and Purpose}{section.1}% 2
\BOOKMARK [3][-]{subsubsection.1.1.1}{Virtual Environments}{subsection.1.1}% 3
\BOOKMARK [3][-]{subsubsection.1.1.2}{Interactions}{subsection.1.1}% 4
\BOOKMARK [3][-]{subsubsection.1.1.3}{Visualisation}{subsection.1.1}% 5
\BOOKMARK [3][-]{subsubsection.1.1.4}{Clustering}{subsection.1.1}% 6
\BOOKMARK [2][-]{subsection.1.2}{Project Deliverables and Aims}{section.1}% 7
\BOOKMARK [1][-]{section.2}{Design}{}% 8
\BOOKMARK [2][-]{subsection.2.1}{Functional Requirements}{section.2}% 9
\BOOKMARK [3][-]{subsubsection.2.1.1}{Requirement 1}{subsection.2.1}% 10
\BOOKMARK [3][-]{subsubsection.2.1.2}{Requirement 2}{subsection.2.1}% 11
\BOOKMARK [3][-]{subsubsection.2.1.3}{Requirement 3}{subsection.2.1}% 12
\BOOKMARK [3][-]{subsubsection.2.1.4}{Requirement 4}{subsection.2.1}% 13
\BOOKMARK [3][-]{subsubsection.2.1.5}{Requirement 5}{subsection.2.1}% 14
\BOOKMARK [3][-]{subsubsection.2.1.6}{Requirement 6}{subsection.2.1}% 15
\BOOKMARK [3][-]{subsubsection.2.1.7}{Requirement 7}{subsection.2.1}% 16
\BOOKMARK [3][-]{subsubsection.2.1.8}{Requirement 8}{subsection.2.1}% 17
\BOOKMARK [2][-]{subsection.2.2}{Architecture}{section.2}% 18
\BOOKMARK [3][-]{subsubsection.2.2.1}{Model}{subsection.2.2}% 19
\BOOKMARK [3][-]{subsubsection.2.2.2}{View}{subsection.2.2}% 20
\BOOKMARK [3][-]{subsubsection.2.2.3}{Controller}{subsection.2.2}% 21
\BOOKMARK [2][-]{subsection.2.3}{Tools Used}{section.2}% 22
\BOOKMARK [2][-]{subsection.2.4}{Development Lifecycle}{section.2}% 23
\BOOKMARK [2][-]{subsection.2.5}{Evaluation}{section.2}% 24
\BOOKMARK [1][-]{section.3}{References}{}% 25
